<?xml version="1.0" encoding="UTF-8"?>
<!-- Generated by org.testng.reporters.JUnitReportReporter -->
<testsuite hostname="LAPTOP-AOTFQ1S8" failures="0" tests="1" name="Insurance_Application.Tc_002_CreateNominee" time="18.952" errors="0" timestamp="2022-12-26T09:50:49 IST" skipped="0">
  <testcase classname="Insurance_Application.Tc_002_CreateNominee" name="CreateNominee" time="18.952"/>
  <system-out/>
</testsuite> <!-- Insurance_Application.Tc_002_CreateNominee -->
