<?xml version="1.0" encoding="UTF-8"?>
<!-- Generated by org.testng.reporters.JUnitReportReporter -->
<testsuite hostname="LAPTOP-AOTFQ1S8" failures="0" tests="1" name="practice.Redbus" time="28.193" errors="0" timestamp="2022-12-21T21:12:56 IST" skipped="0">
  <testcase classname="practice.Redbus" name="calender" time="28.193"/>
  <system-out/>
</testsuite> <!-- practice.Redbus -->
