<?xml version="1.0" encoding="UTF-8"?>
<!-- Generated by org.testng.reporters.JUnitReportReporter -->
<testsuite hostname="LAPTOP-AOTFQ1S8" failures="0" tests="1" name="ddt.Read_Data_In_Excel" time="4.311" errors="0" timestamp="2022-12-14T10:22:48 IST" skipped="0">
  <testcase classname="ddt.Read_Data_In_Excel" name="readdata" time="4.311"/>
  <system-out/>
</testsuite> <!-- ddt.Read_Data_In_Excel -->
