<?xml version="1.0" encoding="UTF-8"?>
<!-- Generated by org.testng.reporters.JUnitReportReporter -->
<testsuite hostname="LAPTOP-AOTFQ1S8" failures="0" tests="1" name="com.insurance.esiInsurance.modules.TC_003_AddNewPaymentTest" time="9.219" errors="0" timestamp="2023-01-02T12:26:52 IST" skipped="0">
  <testcase classname="com.insurance.esiInsurance.modules.TC_003_AddNewPaymentTest" name="addpayment" time="9.219"/>
  <system-out/>
</testsuite> <!-- com.insurance.esiInsurance.modules.TC_003_AddNewPaymentTest -->
