<?xml version="1.0" encoding="UTF-8"?>
<!-- Generated by org.testng.reporters.JUnitReportReporter -->
<testsuite hostname="LAPTOP-AOTFQ1S8" failures="0" tests="1" name="demo.demo1" time="12.721" errors="0" timestamp="2022-12-13T21:52:42 IST" skipped="0">
  <testcase classname="demo.demo1" name="Launch" time="12.721"/>
  <system-out/>
</testsuite> <!-- demo.demo1 -->
