<?xml version="1.0" encoding="UTF-8"?>
<!-- Generated by org.testng.reporters.JUnitReportReporter -->
<testsuite hostname="LAPTOP-AOTFQ1S8" failures="0" tests="1" name="com.insurance.Xml.ReadDataFromXmlTest" time="0.049" errors="0" timestamp="2022-12-29T14:39:13 IST" skipped="0">
  <testcase classname="com.insurance.Xml.ReadDataFromXmlTest" name="readDataFromXml" time="0.049"/>
  <system-out/>
</testsuite> <!-- com.insurance.Xml.ReadDataFromXmlTest -->
