<?xml version="1.0" encoding="UTF-8"?>
<!-- Generated by org.testng.reporters.JUnitReportReporter -->
<testsuite hostname="LAPTOP-AOTFQ1S8" failures="0" tests="1" name="Insurance_Application.Tc_002_CreateNomineeTest" time="25.532" errors="0" timestamp="2022-12-28T10:47:36 IST" skipped="0">
  <testcase classname="Insurance_Application.Tc_002_CreateNomineeTest" name="CreateNominee" time="25.532"/>
  <system-out/>
</testsuite> <!-- Insurance_Application.Tc_002_CreateNomineeTest -->
