<?xml version="1.0" encoding="UTF-8"?>
<!-- Generated by org.testng.reporters.JUnitReportReporter -->
<testsuite hostname="LAPTOP-AOTFQ1S8" failures="0" tests="1" name="com.insurance.esiInsurance.modules.TC_003_AddNewPaymentTest" time="17.624" errors="0" timestamp="2022-12-30T10:19:47 IST" skipped="0">
  <testcase classname="com.insurance.esiInsurance.modules.TC_003_AddNewPaymentTest" name="addpayment" time="17.624"/>
  <system-out/>
</testsuite> <!-- com.insurance.esiInsurance.modules.TC_003_AddNewPaymentTest -->
