<?xml version="1.0" encoding="UTF-8"?>
<!-- Generated by org.testng.reporters.JUnitReportReporter -->
<testsuite hostname="LAPTOP-AOTFQ1S8" failures="0" tests="1" name="com.insurance.esiInsurance.modules.TC_006_EditClientTest" time="18.552" errors="0" timestamp="2022-12-29T17:18:52 IST" skipped="0">
  <testcase classname="com.insurance.esiInsurance.modules.TC_006_EditClientTest" name="editclient" time="18.552"/>
  <system-out/>
</testsuite> <!-- com.insurance.esiInsurance.modules.TC_006_EditClientTest -->
