<?xml version="1.0" encoding="UTF-8"?>
<!-- Generated by org.testng.reporters.JUnitReportReporter -->
<testsuite hostname="LAPTOP-AOTFQ1S8" failures="0" tests="1" name="com.insurance.esiinsurance.generic.Test_Data_Creation" time="0.672" errors="0" timestamp="2022-12-22T21:50:08 IST" skipped="0">
  <testcase classname="com.insurance.esiinsurance.generic.Test_Data_Creation" name="generate" time="0.672"/>
  <system-out/>
</testsuite> <!-- com.insurance.esiinsurance.generic.Test_Data_Creation -->
