<?xml version="1.0" encoding="UTF-8"?>
<!-- Generated by org.testng.reporters.JUnitReportReporter -->
<testsuite hostname="LAPTOP-AOTFQ1S8" failures="0" tests="6" name="com.testng.InvocationCount" time="0.160" errors="0" timestamp="2022-12-30T12:34:38 IST" skipped="0">
  <testcase classname="com.testng.InvocationCount" name="addClient" time="0.057"/>
  <system-out/>
  <testcase classname="com.testng.InvocationCount" name="addpayment" time="0.016"/>
  <system-out/>
  <testcase classname="com.testng.InvocationCount" name="addpayment" time="0.046"/>
  <system-out/>
  <testcase classname="com.testng.InvocationCount" name="addClient" time="0.017"/>
  <system-out/>
  <testcase classname="com.testng.InvocationCount" name="addClient" time="0.016"/>
  <system-out/>
  <testcase classname="com.testng.InvocationCount" name="addNominee" time="0.008"/>
  <system-out/>
</testsuite> <!-- com.testng.InvocationCount -->
