<?xml version="1.0" encoding="UTF-8"?>
<!-- Generated by org.testng.reporters.JUnitReportReporter -->
<testsuite hostname="LAPTOP-AOTFQ1S8" failures="0" tests="1" name="Insurance_Application.TC_004_EditPayment" time="17.288" errors="0" timestamp="2022-12-22T17:33:15 IST" skipped="0">
  <testcase classname="Insurance_Application.TC_004_EditPayment" name="editpayment" time="17.288"/>
  <system-out/>
</testsuite> <!-- Insurance_Application.TC_004_EditPayment -->
