<?xml version="1.0" encoding="UTF-8"?>
<!-- Generated by org.testng.reporters.JUnitReportReporter -->
<testsuite hostname="LAPTOP-AOTFQ1S8" failures="0" tests="1" name="Insurance_Application.TC_006_EditClientTest" time="16.006" errors="0" timestamp="2022-12-28T10:41:33 IST" skipped="0">
  <testcase classname="Insurance_Application.TC_006_EditClientTest" name="editclient" time="16.006"/>
  <system-out/>
</testsuite> <!-- Insurance_Application.TC_006_EditClientTest -->
