<?xml version="1.0" encoding="UTF-8"?>
<!-- Generated by org.testng.reporters.JUnitReportReporter -->
<testsuite hostname="LAPTOP-AOTFQ1S8" failures="0" tests="1" name="Insurance_Application.TC_001_CreateClientTest" time="22.899" errors="0" timestamp="2022-12-27T16:44:43 IST" skipped="0">
  <testcase classname="Insurance_Application.TC_001_CreateClientTest" name="createclient" time="22.899"/>
  <system-out/>
</testsuite> <!-- Insurance_Application.TC_001_CreateClientTest -->
