<?xml version="1.0" encoding="UTF-8"?>
<!-- Generated by org.testng.reporters.JUnitReportReporter -->
<testsuite hostname="LAPTOP-AOTFQ1S8" failures="0" tests="2" name="com.testng.Enabled" time="0.029" errors="0" timestamp="2022-12-30T12:54:04 IST" skipped="1">
  <testcase classname="com.testng.Enabled" name="add" time="0.029"/>
  <system-out/>
  <testcase classname="com.testng.Enabled" name="addClient">
    <skipped/>
  </testcase> <!-- addClient -->
  <system-out/>
</testsuite> <!-- com.testng.Enabled -->
