<?xml version="1.0" encoding="UTF-8"?>
<!-- Generated by org.testng.reporters.JUnitReportReporter -->
<testsuite hostname="LAPTOP-AOTFQ1S8" failures="0" tests="2" name="com.insurance.esiInsurance.modules.Add_Edit_Payment_Test" time="12.102" errors="0" timestamp="2023-01-02T13:14:03 IST" skipped="0">
  <testcase classname="com.insurance.esiInsurance.modules.Add_Edit_Payment_Test" name="editpayment" time="7.742"/>
  <system-out/>
  <testcase classname="com.insurance.esiInsurance.modules.Add_Edit_Payment_Test" name="addPayment" time="4.360"/>
  <system-out/>
</testsuite> <!-- com.insurance.esiInsurance.modules.Add_Edit_Payment_Test -->
