<?xml version="1.0" encoding="UTF-8"?>
<!-- Generated by org.testng.reporters.JUnitReportReporter -->
<testsuite hostname="LAPTOP-AOTFQ1S8" failures="0" tests="1" name="com.insurance.esiInsurance.modules.Tc_002_CreateNomineeTest" time="20.284" errors="0" timestamp="2022-12-29T17:44:06 IST" skipped="0">
  <testcase classname="com.insurance.esiInsurance.modules.Tc_002_CreateNomineeTest" name="CreateNominee" time="20.284"/>
  <system-out/>
</testsuite> <!-- com.insurance.esiInsurance.modules.Tc_002_CreateNomineeTest -->
