<?xml version="1.0" encoding="UTF-8"?>
<!-- Generated by org.testng.reporters.JUnitReportReporter -->
<testsuite hostname="LAPTOP-AOTFQ1S8" failures="0" tests="1" name="com.insurance.esiInsurance.modules.TC_001_CreateClientTest" time="24.212" errors="0" timestamp="2022-12-29T17:15:17 IST" skipped="0">
  <testcase classname="com.insurance.esiInsurance.modules.TC_001_CreateClientTest" name="createclient" time="24.212"/>
  <system-out/>
</testsuite> <!-- com.insurance.esiInsurance.modules.TC_001_CreateClientTest -->
