<?xml version="1.0" encoding="UTF-8"?>
<!-- Generated by org.testng.reporters.JUnitReportReporter -->
<testsuite hostname="LAPTOP-AOTFQ1S8" failures="0" tests="2" name="Insurance_Application.TC_004_EditAndDeletePayment" time="36.485" errors="0" timestamp="2022-12-22T14:46:14 IST" skipped="0">
  <testcase classname="Insurance_Application.TC_004_EditAndDeletePayment" name="editpayment" time="10.307"/>
  <system-out/>
  <testcase classname="Insurance_Application.TC_004_EditAndDeletePayment" name="deletepayment" time="26.178"/>
  <system-out/>
</testsuite> <!-- Insurance_Application.TC_004_EditAndDeletePayment -->
