<?xml version="1.0" encoding="UTF-8"?>
<!-- Generated by org.testng.reporters.JUnitReportReporter -->
<testsuite hostname="LAPTOP-AOTFQ1S8" failures="0" tests="1" name="Insurance_Application.TC_003_AddNewPayment" time="17.309" errors="0" timestamp="2022-12-26T10:14:48 IST" skipped="0">
  <testcase classname="Insurance_Application.TC_003_AddNewPayment" name="addpayment" time="17.309"/>
  <system-out/>
</testsuite> <!-- Insurance_Application.TC_003_AddNewPayment -->
