<?xml version="1.0" encoding="UTF-8"?>
<!-- Generated by org.testng.reporters.JUnitReportReporter -->
<testsuite hostname="LAPTOP-AOTFQ1S8" failures="0" tests="3" name="com.testng.Demo1" time="0.071" errors="0" timestamp="2022-12-30T12:25:42 IST" skipped="0">
  <testcase classname="com.testng.Demo1" name="addNominee" time="0.047"/>
  <system-out/>
  <testcase classname="com.testng.Demo1" name="addClient" time="0.013"/>
  <system-out/>
  <testcase classname="com.testng.Demo1" name="addpayment" time="0.011"/>
  <system-out/>
</testsuite> <!-- com.testng.Demo1 -->
