<?xml version="1.0" encoding="UTF-8"?>
<!-- Generated by org.testng.reporters.JUnitReportReporter -->
<testsuite hostname="LAPTOP-AOTFQ1S8" failures="0" tests="1" name="com.insurance.Xml.ReadDataFromXml" time="0.081" errors="0" timestamp="2022-12-29T12:42:39 IST" skipped="0">
  <testcase classname="com.insurance.Xml.ReadDataFromXml" name="readDataFromXml" time="0.081"/>
  <system-out/>
</testsuite> <!-- com.insurance.Xml.ReadDataFromXml -->
