<?xml version="1.0" encoding="UTF-8"?>
<!-- Generated by org.testng.reporters.JUnitReportReporter -->
<testsuite hostname="LAPTOP-AOTFQ1S8" failures="0" tests="3" name="com.testng.DependsOnMethods" time="0.069" errors="0" timestamp="2022-12-30T12:36:48 IST" skipped="0">
  <testcase classname="com.testng.DependsOnMethods" name="addpayment" time="0.008"/>
  <system-out/>
  <testcase classname="com.testng.DependsOnMethods" name="addClient" time="0.049"/>
  <system-out/>
  <testcase classname="com.testng.DependsOnMethods" name="addNominee" time="0.012"/>
  <system-out/>
</testsuite> <!-- com.testng.DependsOnMethods -->
