<?xml version="1.0" encoding="UTF-8"?>
<!-- Generated by org.testng.reporters.JUnitReportReporter -->
<testsuite hostname="LAPTOP-AOTFQ1S8" failures="0" tests="2" name="com.insurance.esiInsurance.modules.Create_And_Edit_Client_Test" time="11.378" errors="0" timestamp="2023-01-04T11:19:48 IST" skipped="0">
  <testcase classname="com.insurance.esiInsurance.modules.Create_And_Edit_Client_Test" name="createclient" time="5.350"/>
  <system-out/>
  <testcase classname="com.insurance.esiInsurance.modules.Create_And_Edit_Client_Test" name="editClient" time="6.028"/>
  <system-out/>
</testsuite> <!-- com.insurance.esiInsurance.modules.Create_And_Edit_Client_Test -->
