<?xml version="1.0" encoding="UTF-8"?>
<!-- Generated by org.testng.reporters.JUnitReportReporter -->
<testsuite hostname="LAPTOP-AOTFQ1S8" failures="0" tests="2" name="com.testng.DataProviderTest" time="0.044" errors="0" timestamp="2022-12-30T14:57:43 IST" skipped="0">
  <testcase classname="com.testng.DataProviderTest" name="addClient" time="0.023"/>
  <system-out/>
  <testcase classname="com.testng.DataProviderTest" name="addClient" time="0.021"/>
  <system-out/>
</testsuite> <!-- com.testng.DataProviderTest -->
