<?xml version="1.0" encoding="UTF-8"?>
<!-- Generated by org.testng.reporters.JUnitReportReporter -->
<testsuite hostname="LAPTOP-AOTFQ1S8" failures="0" tests="1" name="com.insurance.esiInsurance.modules.TC_005_DeletePaymentTest" time="14.462" errors="0" timestamp="2023-01-02T12:33:04 IST" skipped="0">
  <testcase classname="com.insurance.esiInsurance.modules.TC_005_DeletePaymentTest" name="deletePayment" time="14.462"/>
  <system-out/>
</testsuite> <!-- com.insurance.esiInsurance.modules.TC_005_DeletePaymentTest -->
