<?xml version="1.0" encoding="UTF-8"?>
<!-- Generated by org.testng.reporters.JUnitReportReporter -->
<testsuite hostname="LAPTOP-AOTFQ1S8" failures="0" tests="1" name="com.insurance.Xml.ReadDataFromJSONTest" time="0.134" errors="0" timestamp="2022-12-29T17:11:11 IST" skipped="0">
  <testcase classname="com.insurance.Xml.ReadDataFromJSONTest" name="readDataFromJSON" time="0.134"/>
  <system-out/>
</testsuite> <!-- com.insurance.Xml.ReadDataFromJSONTest -->
