<?xml version="1.0" encoding="UTF-8"?>
<!-- Generated by org.testng.reporters.JUnitReportReporter -->
<testsuite hostname="LAPTOP-AOTFQ1S8" failures="0" tests="1" name="practice.Calnder_demo" time="27.101" errors="0" timestamp="2022-12-23T10:41:10 IST" skipped="0">
  <testcase classname="practice.Calnder_demo" name="calender" time="27.101"/>
  <system-out/>
</testsuite> <!-- practice.Calnder_demo -->
