<?xml version="1.0" encoding="UTF-8"?>
<!-- Generated by org.testng.reporters.JUnitReportReporter -->
<testsuite hostname="LAPTOP-AOTFQ1S8" failures="0" tests="1" name="Insurance_Application.TC_001_CreateClient" time="24.037" errors="0" timestamp="2022-12-26T09:49:48 IST" skipped="0">
  <testcase classname="Insurance_Application.TC_001_CreateClient" name="createclient" time="24.037"/>
  <system-out/>
</testsuite> <!-- Insurance_Application.TC_001_CreateClient -->
