<?xml version="1.0" encoding="UTF-8"?>
<!-- Generated by org.testng.reporters.JUnitReportReporter -->
<testsuite hostname="LAPTOP-AOTFQ1S8" failures="0" tests="1" name="com.insurance.Xml.ReadDataFromCMDTest" time="0.052" errors="0" timestamp="2022-12-29T16:47:08 IST" skipped="0">
  <testcase classname="com.insurance.Xml.ReadDataFromCMDTest" name="readDataFromCMD" time="0.052"/>
  <system-out/>
</testsuite> <!-- com.insurance.Xml.ReadDataFromCMDTest -->
