<?xml version="1.0" encoding="UTF-8"?>
<!-- Generated by org.testng.reporters.JUnitReportReporter -->
<testsuite hostname="LAPTOP-AOTFQ1S8" failures="0" tests="2" name="com.testng.PreBase" time="0.031" errors="0" timestamp="2023-01-02T11:58:17 IST" skipped="0">
  <testcase classname="com.testng.PreBase" name="createNominee" time="0.007"/>
  <system-out/>
  <testcase classname="com.testng.PreBase" name="createClient" time="0.024"/>
  <system-out/>
</testsuite> <!-- com.testng.PreBase -->
