<?xml version="1.0" encoding="UTF-8"?>
<!-- Generated by org.testng.reporters.JUnitReportReporter -->
<testsuite hostname="LAPTOP-AOTFQ1S8" failures="0" tests="1" name="com.insurance.esiInsurance.modules.Tc_002_CreateNomineeTest" time="9.985" errors="0" timestamp="2023-01-02T12:24:05 IST" skipped="0">
  <testcase classname="com.insurance.esiInsurance.modules.Tc_002_CreateNomineeTest" name="CreateNominee" time="9.985"/>
  <system-out/>
</testsuite> <!-- com.insurance.esiInsurance.modules.Tc_002_CreateNomineeTest -->
